Flow report for LogicalStep_Lab4_top
Wed Jul 29 12:16:33 2020
Quartus Prime Version 19.1.0 Build 670 09/22/2019 SJ Lite Edition


---------------------
; Table of Contents ;
---------------------
  1. Legal Notice
  2. Flow Summary
  3. Flow Settings
  4. Flow Non-Default Global Settings
  5. Flow Elapsed Time
  6. Flow OS Summary
  7. Flow Log
  8. Flow Messages
  9. Flow Suppressed Messages



----------------
; Legal Notice ;
----------------
Copyright (C) 2019  Intel Corporation. All rights reserved.
Your use of Intel Corporation's design tools, logic functions 
and other software and tools, and any partner logic 
functions, and any output files from any of the foregoing 
(including device programming or simulation files), and any 
associated documentation or information are expressly subject 
to the terms and conditions of the Intel Program License 
Subscription Agreement, the Intel Quartus Prime License Agreement,
the Intel FPGA IP License Agreement, or other applicable license
agreement, including, without limitation, that your use is for
the sole purpose of programming logic devices manufactured by
Intel and sold by Intel or its authorized distributors.  Please
refer to the applicable agreement for further details, at
https://fpgasoftware.intel.com/eula.



+----------------------------------------------------------------------------------+
; Flow Summary                                                                     ;
+------------------------------------+---------------------------------------------+
; Flow Status                        ; Successful - Wed Jul 29 12:16:33 2020       ;
; Quartus Prime Version              ; 19.1.0 Build 670 09/22/2019 SJ Lite Edition ;
; Revision Name                      ; LogicalStep_Lab4_top                        ;
; Top-level Entity Name              ; LogicalStep_Lab4_top                        ;
; Family                             ; MAX 10                                      ;
; Device                             ; 10M08DAF484C8G                              ;
; Timing Models                      ; Final                                       ;
; Total logic elements               ; 81                                          ;
;     Total combinational functions  ; 81                                          ;
;     Dedicated logic registers      ; 22                                          ;
; Total registers                    ; 22                                          ;
; Total pins                         ; 30                                          ;
; Total virtual pins                 ; 0                                           ;
; Total memory bits                  ; 0                                           ;
; Embedded Multiplier 9-bit elements ; 0                                           ;
; Total PLLs                         ; 0                                           ;
; UFM blocks                         ; 0                                           ;
; ADC blocks                         ; 0                                           ;
+------------------------------------+---------------------------------------------+


+------------------------------------------+
; Flow Settings                            ;
+-------------------+----------------------+
; Option            ; Setting              ;
+-------------------+----------------------+
; Start date & time ; 07/27/2020 17:56:11  ;
; Main task         ; Compilation          ;
; Revision Name     ; LogicalStep_Lab4_top ;
+-------------------+----------------------+


+-------------------------------------------------------------------------------------------------------------------------+
; Flow Non-Default Global Settings                                                                                        ;
+-------------------------------------+----------------------------------------+---------------+-------------+------------+
; Assignment Name                     ; Value                                  ; Default Value ; Entity Name ; Section Id ;
+-------------------------------------+----------------------------------------+---------------+-------------+------------+
; COMPILER_SIGNATURE_ID               ; 22331861143008.159588697115436         ; --            ; --          ; --         ;
; PARTITION_COLOR                     ; -- (Not supported for targeted family) ; --            ; --          ; Top        ;
; PARTITION_FITTER_PRESERVATION_LEVEL ; -- (Not supported for targeted family) ; --            ; --          ; Top        ;
; PARTITION_NETLIST_TYPE              ; -- (Not supported for targeted family) ; --            ; --          ; Top        ;
; PROJECT_OUTPUT_DIRECTORY            ; output_files                           ; --            ; --          ; --         ;
+-------------------------------------+----------------------------------------+---------------+-------------+------------+


+--------------------------------------------------------------------------------------------------------------------------+
; Flow Elapsed Time                                                                                                        ;
+----------------------+--------------+-------------------------+---------------------+------------------------------------+
; Module Name          ; Elapsed Time ; Average Processors Used ; Peak Virtual Memory ; Total CPU Time (on all processors) ;
+----------------------+--------------+-------------------------+---------------------+------------------------------------+
; Analysis & Synthesis ; 00:00:13     ; 1.0                     ; 4827 MB             ; 00:00:33                           ;
; EDA Netlist Writer   ; 00:00:01     ; 1.0                     ; 4662 MB             ; 00:00:01                           ;
; EDA Netlist Writer   ; 00:00:01     ; 1.0                     ; 4667 MB             ; 00:00:01                           ;
; EDA Netlist Writer   ; 00:00:00     ; 1.0                     ; 4663 MB             ; 00:00:01                           ;
; EDA Netlist Writer   ; 00:00:00     ; 1.0                     ; 4667 MB             ; 00:00:01                           ;
; EDA Netlist Writer   ; 00:00:01     ; 1.0                     ; 4663 MB             ; 00:00:01                           ;
; EDA Netlist Writer   ; 00:00:01     ; 1.0                     ; 4667 MB             ; 00:00:01                           ;
; EDA Netlist Writer   ; 00:00:01     ; 1.0                     ; 4663 MB             ; 00:00:01                           ;
; EDA Netlist Writer   ; 00:00:01     ; 1.0                     ; 4667 MB             ; 00:00:01                           ;
; EDA Netlist Writer   ; 00:00:01     ; 1.0                     ; 4663 MB             ; 00:00:01                           ;
; EDA Netlist Writer   ; 00:00:01     ; 1.0                     ; 4667 MB             ; 00:00:01                           ;
; EDA Netlist Writer   ; 00:00:01     ; 1.0                     ; 4663 MB             ; 00:00:01                           ;
; EDA Netlist Writer   ; 00:00:01     ; 1.0                     ; 4667 MB             ; 00:00:01                           ;
; EDA Netlist Writer   ; 00:00:01     ; 1.0                     ; 4663 MB             ; 00:00:01                           ;
; EDA Netlist Writer   ; 00:00:01     ; 1.0                     ; 4667 MB             ; 00:00:01                           ;
; EDA Netlist Writer   ; 00:00:00     ; 1.0                     ; 4663 MB             ; 00:00:01                           ;
; EDA Netlist Writer   ; 00:00:01     ; 1.0                     ; 4667 MB             ; 00:00:01                           ;
; EDA Netlist Writer   ; 00:00:00     ; 1.0                     ; 4663 MB             ; 00:00:01                           ;
; EDA Netlist Writer   ; 00:00:00     ; 1.0                     ; 4667 MB             ; 00:00:01                           ;
; EDA Netlist Writer   ; 00:00:00     ; 1.0                     ; 4663 MB             ; 00:00:01                           ;
; EDA Netlist Writer   ; 00:00:00     ; 1.0                     ; 4667 MB             ; 00:00:01                           ;
; EDA Netlist Writer   ; 00:00:01     ; 1.0                     ; 4663 MB             ; 00:00:01                           ;
; EDA Netlist Writer   ; 00:00:01     ; 1.0                     ; 4667 MB             ; 00:00:01                           ;
; EDA Netlist Writer   ; 00:00:01     ; 1.0                     ; 4663 MB             ; 00:00:01                           ;
; EDA Netlist Writer   ; 00:00:01     ; 1.0                     ; 4667 MB             ; 00:00:01                           ;
; EDA Netlist Writer   ; 00:00:01     ; 1.0                     ; 4663 MB             ; 00:00:01                           ;
; EDA Netlist Writer   ; 00:00:00     ; 1.0                     ; 4667 MB             ; 00:00:01                           ;
; EDA Netlist Writer   ; 00:00:00     ; 1.0                     ; 4663 MB             ; 00:00:01                           ;
; EDA Netlist Writer   ; 00:00:00     ; 1.0                     ; 4667 MB             ; 00:00:01                           ;
; EDA Netlist Writer   ; 00:00:01     ; 1.0                     ; 4663 MB             ; 00:00:01                           ;
; EDA Netlist Writer   ; 00:00:01     ; 1.0                     ; 4667 MB             ; 00:00:01                           ;
; EDA Netlist Writer   ; 00:00:01     ; 1.0                     ; 4663 MB             ; 00:00:01                           ;
; EDA Netlist Writer   ; 00:00:01     ; 1.0                     ; 4667 MB             ; 00:00:01                           ;
; EDA Netlist Writer   ; 00:00:01     ; 1.0                     ; 4663 MB             ; 00:00:01                           ;
; EDA Netlist Writer   ; 00:00:01     ; 1.0                     ; 4667 MB             ; 00:00:01                           ;
; EDA Netlist Writer   ; 00:00:00     ; 1.0                     ; 4663 MB             ; 00:00:01                           ;
; EDA Netlist Writer   ; 00:00:00     ; 1.0                     ; 4667 MB             ; 00:00:01                           ;
; EDA Netlist Writer   ; 00:00:00     ; 1.0                     ; 4663 MB             ; 00:00:01                           ;
; EDA Netlist Writer   ; 00:00:01     ; 1.0                     ; 4667 MB             ; 00:00:01                           ;
; EDA Netlist Writer   ; 00:00:00     ; 1.0                     ; 4663 MB             ; 00:00:01                           ;
; EDA Netlist Writer   ; 00:00:01     ; 1.0                     ; 4667 MB             ; 00:00:01                           ;
; EDA Netlist Writer   ; 00:00:01     ; 1.0                     ; 4663 MB             ; 00:00:01                           ;
; EDA Netlist Writer   ; 00:00:01     ; 1.0                     ; 4667 MB             ; 00:00:01                           ;
; EDA Netlist Writer   ; 00:00:01     ; 1.0                     ; 4663 MB             ; 00:00:01                           ;
; EDA Netlist Writer   ; 00:00:01     ; 1.0                     ; 4667 MB             ; 00:00:01                           ;
; EDA Netlist Writer   ; 00:00:01     ; 1.0                     ; 4663 MB             ; 00:00:01                           ;
; EDA Netlist Writer   ; 00:00:01     ; 1.0                     ; 4667 MB             ; 00:00:01                           ;
; EDA Netlist Writer   ; 00:00:01     ; 1.0                     ; 4663 MB             ; 00:00:01                           ;
; EDA Netlist Writer   ; 00:00:01     ; 1.0                     ; 4667 MB             ; 00:00:01                           ;
; EDA Netlist Writer   ; 00:00:00     ; 1.0                     ; 4663 MB             ; 00:00:01                           ;
; EDA Netlist Writer   ; 00:00:00     ; 1.0                     ; 4667 MB             ; 00:00:01                           ;
; EDA Netlist Writer   ; 00:00:01     ; 1.0                     ; 4663 MB             ; 00:00:01                           ;
; EDA Netlist Writer   ; 00:00:01     ; 1.0                     ; 4667 MB             ; 00:00:01                           ;
; EDA Netlist Writer   ; 00:00:00     ; 1.0                     ; 4663 MB             ; 00:00:01                           ;
; EDA Netlist Writer   ; 00:00:00     ; 1.0                     ; 4667 MB             ; 00:00:01                           ;
; EDA Netlist Writer   ; 00:00:01     ; 1.0                     ; 4663 MB             ; 00:00:01                           ;
; EDA Netlist Writer   ; 00:00:01     ; 1.0                     ; 4667 MB             ; 00:00:01                           ;
; Total                ; 00:00:51     ; --                      ; --                  ; 00:01:29                           ;
+----------------------+--------------+-------------------------+---------------------+------------------------------------+


+------------------------------------------------------------------------------------+
; Flow OS Summary                                                                    ;
+----------------------+------------------+------------+------------+----------------+
; Module Name          ; Machine Hostname ; OS Name    ; OS Version ; Processor type ;
+----------------------+------------------+------------+------------+----------------+
; Analysis & Synthesis ; DESKTOP-81QO0S8  ; Windows 10 ; 10.0       ; x86_64         ;
; EDA Netlist Writer   ; DESKTOP-81QO0S8  ; Windows 10 ; 10.0       ; x86_64         ;
; EDA Netlist Writer   ; DESKTOP-81QO0S8  ; Windows 10 ; 10.0       ; x86_64         ;
; EDA Netlist Writer   ; DESKTOP-81QO0S8  ; Windows 10 ; 10.0       ; x86_64         ;
; EDA Netlist Writer   ; DESKTOP-81QO0S8  ; Windows 10 ; 10.0       ; x86_64         ;
; EDA Netlist Writer   ; DESKTOP-81QO0S8  ; Windows 10 ; 10.0       ; x86_64         ;
; EDA Netlist Writer   ; DESKTOP-81QO0S8  ; Windows 10 ; 10.0       ; x86_64         ;
; EDA Netlist Writer   ; DESKTOP-81QO0S8  ; Windows 10 ; 10.0       ; x86_64         ;
; EDA Netlist Writer   ; DESKTOP-81QO0S8  ; Windows 10 ; 10.0       ; x86_64         ;
; EDA Netlist Writer   ; DESKTOP-81QO0S8  ; Windows 10 ; 10.0       ; x86_64         ;
; EDA Netlist Writer   ; DESKTOP-81QO0S8  ; Windows 10 ; 10.0       ; x86_64         ;
; EDA Netlist Writer   ; DESKTOP-81QO0S8  ; Windows 10 ; 10.0       ; x86_64         ;
; EDA Netlist Writer   ; DESKTOP-81QO0S8  ; Windows 10 ; 10.0       ; x86_64         ;
; EDA Netlist Writer   ; DESKTOP-81QO0S8  ; Windows 10 ; 10.0       ; x86_64         ;
; EDA Netlist Writer   ; DESKTOP-81QO0S8  ; Windows 10 ; 10.0       ; x86_64         ;
; EDA Netlist Writer   ; DESKTOP-81QO0S8  ; Windows 10 ; 10.0       ; x86_64         ;
; EDA Netlist Writer   ; DESKTOP-81QO0S8  ; Windows 10 ; 10.0       ; x86_64         ;
; EDA Netlist Writer   ; DESKTOP-81QO0S8  ; Windows 10 ; 10.0       ; x86_64         ;
; EDA Netlist Writer   ; DESKTOP-81QO0S8  ; Windows 10 ; 10.0       ; x86_64         ;
; EDA Netlist Writer   ; DESKTOP-81QO0S8  ; Windows 10 ; 10.0       ; x86_64         ;
; EDA Netlist Writer   ; DESKTOP-81QO0S8  ; Windows 10 ; 10.0       ; x86_64         ;
; EDA Netlist Writer   ; DESKTOP-81QO0S8  ; Windows 10 ; 10.0       ; x86_64         ;
; EDA Netlist Writer   ; DESKTOP-81QO0S8  ; Windows 10 ; 10.0       ; x86_64         ;
; EDA Netlist Writer   ; DESKTOP-81QO0S8  ; Windows 10 ; 10.0       ; x86_64         ;
; EDA Netlist Writer   ; DESKTOP-81QO0S8  ; Windows 10 ; 10.0       ; x86_64         ;
; EDA Netlist Writer   ; DESKTOP-81QO0S8  ; Windows 10 ; 10.0       ; x86_64         ;
; EDA Netlist Writer   ; DESKTOP-81QO0S8  ; Windows 10 ; 10.0       ; x86_64         ;
; EDA Netlist Writer   ; DESKTOP-81QO0S8  ; Windows 10 ; 10.0       ; x86_64         ;
; EDA Netlist Writer   ; DESKTOP-81QO0S8  ; Windows 10 ; 10.0       ; x86_64         ;
; EDA Netlist Writer   ; DESKTOP-81QO0S8  ; Windows 10 ; 10.0       ; x86_64         ;
; EDA Netlist Writer   ; DESKTOP-81QO0S8  ; Windows 10 ; 10.0       ; x86_64         ;
; EDA Netlist Writer   ; DESKTOP-81QO0S8  ; Windows 10 ; 10.0       ; x86_64         ;
; EDA Netlist Writer   ; DESKTOP-81QO0S8  ; Windows 10 ; 10.0       ; x86_64         ;
; EDA Netlist Writer   ; DESKTOP-81QO0S8  ; Windows 10 ; 10.0       ; x86_64         ;
; EDA Netlist Writer   ; DESKTOP-81QO0S8  ; Windows 10 ; 10.0       ; x86_64         ;
; EDA Netlist Writer   ; DESKTOP-81QO0S8  ; Windows 10 ; 10.0       ; x86_64         ;
; EDA Netlist Writer   ; DESKTOP-81QO0S8  ; Windows 10 ; 10.0       ; x86_64         ;
; EDA Netlist Writer   ; DESKTOP-81QO0S8  ; Windows 10 ; 10.0       ; x86_64         ;
; EDA Netlist Writer   ; DESKTOP-81QO0S8  ; Windows 10 ; 10.0       ; x86_64         ;
; EDA Netlist Writer   ; DESKTOP-81QO0S8  ; Windows 10 ; 10.0       ; x86_64         ;
; EDA Netlist Writer   ; DESKTOP-81QO0S8  ; Windows 10 ; 10.0       ; x86_64         ;
; EDA Netlist Writer   ; DESKTOP-81QO0S8  ; Windows 10 ; 10.0       ; x86_64         ;
; EDA Netlist Writer   ; DESKTOP-81QO0S8  ; Windows 10 ; 10.0       ; x86_64         ;
; EDA Netlist Writer   ; DESKTOP-81QO0S8  ; Windows 10 ; 10.0       ; x86_64         ;
; EDA Netlist Writer   ; DESKTOP-81QO0S8  ; Windows 10 ; 10.0       ; x86_64         ;
; EDA Netlist Writer   ; DESKTOP-81QO0S8  ; Windows 10 ; 10.0       ; x86_64         ;
; EDA Netlist Writer   ; DESKTOP-81QO0S8  ; Windows 10 ; 10.0       ; x86_64         ;
; EDA Netlist Writer   ; DESKTOP-81QO0S8  ; Windows 10 ; 10.0       ; x86_64         ;
; EDA Netlist Writer   ; DESKTOP-81QO0S8  ; Windows 10 ; 10.0       ; x86_64         ;
; EDA Netlist Writer   ; DESKTOP-81QO0S8  ; Windows 10 ; 10.0       ; x86_64         ;
; EDA Netlist Writer   ; DESKTOP-81QO0S8  ; Windows 10 ; 10.0       ; x86_64         ;
; EDA Netlist Writer   ; DESKTOP-81QO0S8  ; Windows 10 ; 10.0       ; x86_64         ;
; EDA Netlist Writer   ; DESKTOP-81QO0S8  ; Windows 10 ; 10.0       ; x86_64         ;
; EDA Netlist Writer   ; DESKTOP-81QO0S8  ; Windows 10 ; 10.0       ; x86_64         ;
; EDA Netlist Writer   ; DESKTOP-81QO0S8  ; Windows 10 ; 10.0       ; x86_64         ;
; EDA Netlist Writer   ; DESKTOP-81QO0S8  ; Windows 10 ; 10.0       ; x86_64         ;
; EDA Netlist Writer   ; DESKTOP-81QO0S8  ; Windows 10 ; 10.0       ; x86_64         ;
+----------------------+------------------+------------+------------+----------------+


------------
; Flow Log ;
------------
quartus_map --read_settings_files=on --write_settings_files=off LogicalStep_Lab4 -c LogicalStep_Lab4_top
quartus_eda --gen_testbench --tool=modelsim_oem --format=vhdl --write_settings_files=off LogicalStep_Lab4 -c LogicalStep_Lab4_top --vector_source=C:/Users/Shunethra/Documents/2B/ECE124/Labs/Lab-4/Lab4/Waveform4.vwf --testbench_file=C:/Users/Shunethra/Documents/2B/ECE124/Labs/Lab-4/Lab4/simulation/qsim/Waveform4.vwf.vht
quartus_eda --write_settings_files=off --simulation=on --functional=on --flatten_buses=off --tool=modelsim_oem --format=vhdl --output_directory=C:/Users/Shunethra/Documents/2B/ECE124/Labs/Lab-4/Lab4/simulation/qsim/ LogicalStep_Lab4 -c LogicalStep_Lab4_top
quartus_eda --gen_testbench --tool=modelsim_oem --format=vhdl --write_settings_files=off LogicalStep_Lab4 -c LogicalStep_Lab4_top --vector_source=C:/Users/Shunethra/Documents/2B/ECE124/Labs/Lab-4/Lab4/Waveform4.vwf --testbench_file=C:/Users/Shunethra/Documents/2B/ECE124/Labs/Lab-4/Lab4/simulation/qsim/Waveform4.vwf.vht
quartus_eda --write_settings_files=off --simulation=on --functional=on --flatten_buses=off --tool=modelsim_oem --format=vhdl --output_directory=C:/Users/Shunethra/Documents/2B/ECE124/Labs/Lab-4/Lab4/simulation/qsim/ LogicalStep_Lab4 -c LogicalStep_Lab4_top
quartus_eda --gen_testbench --tool=modelsim_oem --format=vhdl --write_settings_files=off LogicalStep_Lab4 -c LogicalStep_Lab4_top --vector_source=C:/Users/Shunethra/Documents/2B/ECE124/Labs/Lab-4/Lab4/Waveform4.vwf --testbench_file=C:/Users/Shunethra/Documents/2B/ECE124/Labs/Lab-4/Lab4/simulation/qsim/Waveform4.vwf.vht
quartus_eda --write_settings_files=off --simulation=on --functional=on --flatten_buses=off --tool=modelsim_oem --format=vhdl --output_directory=C:/Users/Shunethra/Documents/2B/ECE124/Labs/Lab-4/Lab4/simulation/qsim/ LogicalStep_Lab4 -c LogicalStep_Lab4_top
quartus_eda --gen_testbench --tool=modelsim_oem --format=vhdl --write_settings_files=off LogicalStep_Lab4 -c LogicalStep_Lab4_top --vector_source=C:/Users/Shunethra/Documents/2B/ECE124/Labs/Lab-4/Lab4/Waveform4.vwf --testbench_file=C:/Users/Shunethra/Documents/2B/ECE124/Labs/Lab-4/Lab4/simulation/qsim/Waveform4.vwf.vht
quartus_eda --write_settings_files=off --simulation=on --functional=on --flatten_buses=off --tool=modelsim_oem --format=vhdl --output_directory=C:/Users/Shunethra/Documents/2B/ECE124/Labs/Lab-4/Lab4/simulation/qsim/ LogicalStep_Lab4 -c LogicalStep_Lab4_top
quartus_eda --gen_testbench --tool=modelsim_oem --format=vhdl --write_settings_files=off LogicalStep_Lab4 -c LogicalStep_Lab4_top --vector_source=C:/Users/Shunethra/Documents/2B/ECE124/Labs/Lab-4/Lab4/Waveform4.vwf --testbench_file=C:/Users/Shunethra/Documents/2B/ECE124/Labs/Lab-4/Lab4/simulation/qsim/Waveform4.vwf.vht
quartus_eda --write_settings_files=off --simulation=on --functional=on --flatten_buses=off --tool=modelsim_oem --format=vhdl --output_directory=C:/Users/Shunethra/Documents/2B/ECE124/Labs/Lab-4/Lab4/simulation/qsim/ LogicalStep_Lab4 -c LogicalStep_Lab4_top
quartus_eda --gen_testbench --tool=modelsim_oem --format=vhdl --write_settings_files=off LogicalStep_Lab4 -c LogicalStep_Lab4_top --vector_source=C:/Users/Shunethra/Documents/2B/ECE124/Labs/Lab-4/Lab4/Waveform4.vwf --testbench_file=C:/Users/Shunethra/Documents/2B/ECE124/Labs/Lab-4/Lab4/simulation/qsim/Waveform4.vwf.vht
quartus_eda --write_settings_files=off --simulation=on --functional=on --flatten_buses=off --tool=modelsim_oem --format=vhdl --output_directory=C:/Users/Shunethra/Documents/2B/ECE124/Labs/Lab-4/Lab4/simulation/qsim/ LogicalStep_Lab4 -c LogicalStep_Lab4_top
quartus_eda --gen_testbench --tool=modelsim_oem --format=vhdl --write_settings_files=off LogicalStep_Lab4 -c LogicalStep_Lab4_top --vector_source=C:/Users/Shunethra/Documents/2B/ECE124/Labs/Lab-4/Lab4/Waveform4.vwf --testbench_file=C:/Users/Shunethra/Documents/2B/ECE124/Labs/Lab-4/Lab4/simulation/qsim/Waveform4.vwf.vht
quartus_eda --write_settings_files=off --simulation=on --functional=on --flatten_buses=off --tool=modelsim_oem --format=vhdl --output_directory=C:/Users/Shunethra/Documents/2B/ECE124/Labs/Lab-4/Lab4/simulation/qsim/ LogicalStep_Lab4 -c LogicalStep_Lab4_top
quartus_eda --gen_testbench --tool=modelsim_oem --format=vhdl --write_settings_files=off LogicalStep_Lab4 -c LogicalStep_Lab4_top --vector_source=C:/Users/Shunethra/Documents/2B/ECE124/Labs/Lab-4/Lab4/Waveform4.vwf --testbench_file=C:/Users/Shunethra/Documents/2B/ECE124/Labs/Lab-4/Lab4/simulation/qsim/Waveform4.vwf.vht
quartus_eda --write_settings_files=off --simulation=on --functional=on --flatten_buses=off --tool=modelsim_oem --format=vhdl --output_directory=C:/Users/Shunethra/Documents/2B/ECE124/Labs/Lab-4/Lab4/simulation/qsim/ LogicalStep_Lab4 -c LogicalStep_Lab4_top
quartus_eda --gen_testbench --tool=modelsim_oem --format=vhdl --write_settings_files=off LogicalStep_Lab4 -c LogicalStep_Lab4_top --vector_source=C:/Users/Shunethra/Documents/2B/ECE124/Labs/Lab-4/Lab4/Waveform4.vwf --testbench_file=C:/Users/Shunethra/Documents/2B/ECE124/Labs/Lab-4/Lab4/simulation/qsim/Waveform4.vwf.vht
quartus_eda --write_settings_files=off --simulation=on --functional=on --flatten_buses=off --tool=modelsim_oem --format=vhdl --output_directory=C:/Users/Shunethra/Documents/2B/ECE124/Labs/Lab-4/Lab4/simulation/qsim/ LogicalStep_Lab4 -c LogicalStep_Lab4_top
quartus_eda --gen_testbench --tool=modelsim_oem --format=vhdl --write_settings_files=off LogicalStep_Lab4 -c LogicalStep_Lab4_top --vector_source=C:/Users/Shunethra/Documents/2B/ECE124/Labs/Lab-4/Lab4/Waveform4.vwf --testbench_file=C:/Users/Shunethra/Documents/2B/ECE124/Labs/Lab-4/Lab4/simulation/qsim/Waveform4.vwf.vht
quartus_eda --write_settings_files=off --simulation=on --functional=on --flatten_buses=off --tool=modelsim_oem --format=vhdl --output_directory=C:/Users/Shunethra/Documents/2B/ECE124/Labs/Lab-4/Lab4/simulation/qsim/ LogicalStep_Lab4 -c LogicalStep_Lab4_top
quartus_eda --gen_testbench --tool=modelsim_oem --format=vhdl --write_settings_files=off LogicalStep_Lab4 -c LogicalStep_Lab4_top --vector_source=C:/Users/Shunethra/Documents/2B/ECE124/Labs/Lab-4/Lab4/Waveform4.vwf --testbench_file=C:/Users/Shunethra/Documents/2B/ECE124/Labs/Lab-4/Lab4/simulation/qsim/Waveform4.vwf.vht
quartus_eda --write_settings_files=off --simulation=on --functional=on --flatten_buses=off --tool=modelsim_oem --format=vhdl --output_directory=C:/Users/Shunethra/Documents/2B/ECE124/Labs/Lab-4/Lab4/simulation/qsim/ LogicalStep_Lab4 -c LogicalStep_Lab4_top
quartus_eda --gen_testbench --tool=modelsim_oem --format=vhdl --write_settings_files=off LogicalStep_Lab4 -c LogicalStep_Lab4_top --vector_source=C:/Users/Shunethra/Documents/2B/ECE124/Labs/Lab-4/Lab4/Waveform4.vwf --testbench_file=C:/Users/Shunethra/Documents/2B/ECE124/Labs/Lab-4/Lab4/simulation/qsim/Waveform4.vwf.vht
quartus_eda --write_settings_files=off --simulation=on --functional=on --flatten_buses=off --tool=modelsim_oem --format=vhdl --output_directory=C:/Users/Shunethra/Documents/2B/ECE124/Labs/Lab-4/Lab4/simulation/qsim/ LogicalStep_Lab4 -c LogicalStep_Lab4_top
quartus_eda --gen_testbench --tool=modelsim_oem --format=vhdl --write_settings_files=off LogicalStep_Lab4 -c LogicalStep_Lab4_top --vector_source=C:/Users/Shunethra/Documents/2B/ECE124/Labs/Lab-4/Lab4/Waveform4.vwf --testbench_file=C:/Users/Shunethra/Documents/2B/ECE124/Labs/Lab-4/Lab4/simulation/qsim/Waveform4.vwf.vht
quartus_eda --write_settings_files=off --simulation=on --functional=on --flatten_buses=off --tool=modelsim_oem --format=vhdl --output_directory=C:/Users/Shunethra/Documents/2B/ECE124/Labs/Lab-4/Lab4/simulation/qsim/ LogicalStep_Lab4 -c LogicalStep_Lab4_top
quartus_eda --gen_testbench --tool=modelsim_oem --format=vhdl --write_settings_files=off LogicalStep_Lab4 -c LogicalStep_Lab4_top --vector_source=C:/Users/Shunethra/Documents/2B/ECE124/Labs/Lab-4/Lab4/Waveform4.vwf --testbench_file=C:/Users/Shunethra/Documents/2B/ECE124/Labs/Lab-4/Lab4/simulation/qsim/Waveform4.vwf.vht
quartus_eda --write_settings_files=off --simulation=on --functional=on --flatten_buses=off --tool=modelsim_oem --format=vhdl --output_directory=C:/Users/Shunethra/Documents/2B/ECE124/Labs/Lab-4/Lab4/simulation/qsim/ LogicalStep_Lab4 -c LogicalStep_Lab4_top
quartus_eda --gen_testbench --tool=modelsim_oem --format=vhdl --write_settings_files=off LogicalStep_Lab4 -c LogicalStep_Lab4_top --vector_source=C:/Users/Shunethra/Documents/2B/ECE124/Labs/Lab-4/Lab4/Waveform4.vwf --testbench_file=C:/Users/Shunethra/Documents/2B/ECE124/Labs/Lab-4/Lab4/simulation/qsim/Waveform4.vwf.vht
quartus_eda --write_settings_files=off --simulation=on --functional=on --flatten_buses=off --tool=modelsim_oem --format=vhdl --output_directory=C:/Users/Shunethra/Documents/2B/ECE124/Labs/Lab-4/Lab4/simulation/qsim/ LogicalStep_Lab4 -c LogicalStep_Lab4_top
quartus_eda --gen_testbench --tool=modelsim_oem --format=vhdl --write_settings_files=off LogicalStep_Lab4 -c LogicalStep_Lab4_top --vector_source=C:/Users/Shunethra/Documents/2B/ECE124/Labs/Lab-4/Lab4/Waveform4.vwf --testbench_file=C:/Users/Shunethra/Documents/2B/ECE124/Labs/Lab-4/Lab4/simulation/qsim/Waveform4.vwf.vht
quartus_eda --write_settings_files=off --simulation=on --functional=on --flatten_buses=off --tool=modelsim_oem --format=vhdl --output_directory=C:/Users/Shunethra/Documents/2B/ECE124/Labs/Lab-4/Lab4/simulation/qsim/ LogicalStep_Lab4 -c LogicalStep_Lab4_top
quartus_eda --gen_testbench --tool=modelsim_oem --format=vhdl --write_settings_files=off LogicalStep_Lab4 -c LogicalStep_Lab4_top --vector_source=C:/Users/Shunethra/Documents/2B/ECE124/Labs/Lab-4/Lab4/Waveform4.vwf --testbench_file=C:/Users/Shunethra/Documents/2B/ECE124/Labs/Lab-4/Lab4/simulation/qsim/Waveform4.vwf.vht
quartus_eda --write_settings_files=off --simulation=on --functional=on --flatten_buses=off --tool=modelsim_oem --format=vhdl --output_directory=C:/Users/Shunethra/Documents/2B/ECE124/Labs/Lab-4/Lab4/simulation/qsim/ LogicalStep_Lab4 -c LogicalStep_Lab4_top
quartus_eda --gen_testbench --tool=modelsim_oem --format=vhdl --write_settings_files=off LogicalStep_Lab4 -c LogicalStep_Lab4_top --vector_source=C:/Users/Shunethra/Documents/2B/ECE124/Labs/Lab-4/Lab4/Waveform4.vwf --testbench_file=C:/Users/Shunethra/Documents/2B/ECE124/Labs/Lab-4/Lab4/simulation/qsim/Waveform4.vwf.vht
quartus_eda --write_settings_files=off --simulation=on --functional=on --flatten_buses=off --tool=modelsim_oem --format=vhdl --output_directory=C:/Users/Shunethra/Documents/2B/ECE124/Labs/Lab-4/Lab4/simulation/qsim/ LogicalStep_Lab4 -c LogicalStep_Lab4_top
quartus_eda --gen_testbench --tool=modelsim_oem --format=vhdl --write_settings_files=off LogicalStep_Lab4 -c LogicalStep_Lab4_top --vector_source=C:/Users/Shunethra/Documents/2B/ECE124/Labs/Lab-4/Lab4/Waveform4.vwf --testbench_file=C:/Users/Shunethra/Documents/2B/ECE124/Labs/Lab-4/Lab4/simulation/qsim/Waveform4.vwf.vht
quartus_eda --write_settings_files=off --simulation=on --functional=on --flatten_buses=off --tool=modelsim_oem --format=vhdl --output_directory=C:/Users/Shunethra/Documents/2B/ECE124/Labs/Lab-4/Lab4/simulation/qsim/ LogicalStep_Lab4 -c LogicalStep_Lab4_top
quartus_eda --gen_testbench --tool=modelsim_oem --format=vhdl --write_settings_files=off LogicalStep_Lab4 -c LogicalStep_Lab4_top --vector_source=C:/Users/Shunethra/Documents/2B/ECE124/Labs/Lab-4/Lab4/Waveform4.vwf --testbench_file=C:/Users/Shunethra/Documents/2B/ECE124/Labs/Lab-4/Lab4/simulation/qsim/Waveform4.vwf.vht
quartus_eda --write_settings_files=off --simulation=on --functional=on --flatten_buses=off --tool=modelsim_oem --format=vhdl --output_directory=C:/Users/Shunethra/Documents/2B/ECE124/Labs/Lab-4/Lab4/simulation/qsim/ LogicalStep_Lab4 -c LogicalStep_Lab4_top
quartus_eda --gen_testbench --tool=modelsim_oem --format=vhdl --write_settings_files=off LogicalStep_Lab4 -c LogicalStep_Lab4_top --vector_source=C:/Users/Shunethra/Documents/2B/ECE124/Labs/Lab-4/Lab4/Waveform4.vwf --testbench_file=C:/Users/Shunethra/Documents/2B/ECE124/Labs/Lab-4/Lab4/simulation/qsim/Waveform4.vwf.vht
quartus_eda --write_settings_files=off --simulation=on --functional=on --flatten_buses=off --tool=modelsim_oem --format=vhdl --output_directory=C:/Users/Shunethra/Documents/2B/ECE124/Labs/Lab-4/Lab4/simulation/qsim/ LogicalStep_Lab4 -c LogicalStep_Lab4_top
quartus_eda --gen_testbench --tool=modelsim_oem --format=vhdl --write_settings_files=off LogicalStep_Lab4 -c LogicalStep_Lab4_top --vector_source=C:/Users/Shunethra/Documents/2B/ECE124/Labs/Lab-4/Lab4/Waveform4.vwf --testbench_file=C:/Users/Shunethra/Documents/2B/ECE124/Labs/Lab-4/Lab4/simulation/qsim/Waveform4.vwf.vht
quartus_eda --write_settings_files=off --simulation=on --functional=on --flatten_buses=off --tool=modelsim_oem --format=vhdl --output_directory=C:/Users/Shunethra/Documents/2B/ECE124/Labs/Lab-4/Lab4/simulation/qsim/ LogicalStep_Lab4 -c LogicalStep_Lab4_top
quartus_eda --gen_testbench --tool=modelsim_oem --format=vhdl --write_settings_files=off LogicalStep_Lab4 -c LogicalStep_Lab4_top --vector_source=C:/Users/Shunethra/Documents/2B/ECE124/Labs/Lab-4/Lab4/Waveform4.vwf --testbench_file=C:/Users/Shunethra/Documents/2B/ECE124/Labs/Lab-4/Lab4/simulation/qsim/Waveform4.vwf.vht
quartus_eda --write_settings_files=off --simulation=on --functional=on --flatten_buses=off --tool=modelsim_oem --format=vhdl --output_directory=C:/Users/Shunethra/Documents/2B/ECE124/Labs/Lab-4/Lab4/simulation/qsim/ LogicalStep_Lab4 -c LogicalStep_Lab4_top
quartus_eda --gen_testbench --tool=modelsim_oem --format=vhdl --write_settings_files=off LogicalStep_Lab4 -c LogicalStep_Lab4_top --vector_source=C:/Users/Shunethra/Documents/2B/ECE124/Labs/Lab-4/Lab4/Waveform4.vwf --testbench_file=C:/Users/Shunethra/Documents/2B/ECE124/Labs/Lab-4/Lab4/simulation/qsim/Waveform4.vwf.vht
quartus_eda --write_settings_files=off --simulation=on --functional=on --flatten_buses=off --tool=modelsim_oem --format=vhdl --output_directory=C:/Users/Shunethra/Documents/2B/ECE124/Labs/Lab-4/Lab4/simulation/qsim/ LogicalStep_Lab4 -c LogicalStep_Lab4_top
quartus_eda --gen_testbench --tool=modelsim_oem --format=vhdl --write_settings_files=off LogicalStep_Lab4 -c LogicalStep_Lab4_top --vector_source=C:/Users/Shunethra/Documents/2B/ECE124/Labs/Lab-4/Lab4/Waveform4.vwf --testbench_file=C:/Users/Shunethra/Documents/2B/ECE124/Labs/Lab-4/Lab4/simulation/qsim/Waveform4.vwf.vht
quartus_eda --write_settings_files=off --simulation=on --functional=on --flatten_buses=off --tool=modelsim_oem --format=vhdl --output_directory=C:/Users/Shunethra/Documents/2B/ECE124/Labs/Lab-4/Lab4/simulation/qsim/ LogicalStep_Lab4 -c LogicalStep_Lab4_top
quartus_eda --gen_testbench --tool=modelsim_oem --format=vhdl --write_settings_files=off LogicalStep_Lab4 -c LogicalStep_Lab4_top --vector_source=C:/Users/Shunethra/Documents/2B/ECE124/Labs/Lab-4/Lab4/Waveform4.vwf --testbench_file=C:/Users/Shunethra/Documents/2B/ECE124/Labs/Lab-4/Lab4/simulation/qsim/Waveform4.vwf.vht
quartus_eda --write_settings_files=off --simulation=on --functional=on --flatten_buses=off --tool=modelsim_oem --format=vhdl --output_directory=C:/Users/Shunethra/Documents/2B/ECE124/Labs/Lab-4/Lab4/simulation/qsim/ LogicalStep_Lab4 -c LogicalStep_Lab4_top
quartus_eda --gen_testbench --tool=modelsim_oem --format=vhdl --write_settings_files=off LogicalStep_Lab4 -c LogicalStep_Lab4_top --vector_source=C:/Users/Shunethra/Documents/2B/ECE124/Labs/Lab-4/Lab4/Waveform4.vwf --testbench_file=C:/Users/Shunethra/Documents/2B/ECE124/Labs/Lab-4/Lab4/simulation/qsim/Waveform4.vwf.vht
quartus_eda --write_settings_files=off --simulation=on --functional=on --flatten_buses=off --tool=modelsim_oem --format=vhdl --output_directory=C:/Users/Shunethra/Documents/2B/ECE124/Labs/Lab-4/Lab4/simulation/qsim/ LogicalStep_Lab4 -c LogicalStep_Lab4_top
quartus_eda --gen_testbench --tool=modelsim_oem --format=vhdl --write_settings_files=off LogicalStep_Lab4 -c LogicalStep_Lab4_top --vector_source=C:/Users/Shunethra/Documents/2B/ECE124/Labs/Lab-4/Lab4/Waveform4.vwf --testbench_file=C:/Users/Shunethra/Documents/2B/ECE124/Labs/Lab-4/Lab4/simulation/qsim/Waveform4.vwf.vht
quartus_eda --write_settings_files=off --simulation=on --functional=on --flatten_buses=off --tool=modelsim_oem --format=vhdl --output_directory=C:/Users/Shunethra/Documents/2B/ECE124/Labs/Lab-4/Lab4/simulation/qsim/ LogicalStep_Lab4 -c LogicalStep_Lab4_top



